TpTrace Verbose: 0 : 3936, 1, 2023/10/27, 18:40:14.628, 2645060692097, testhost.dll, Version: 17.5.0-release-20221220-01 Current process architecture: X64
TpTrace Verbose: 0 : 3936, 1, 2023/10/27, 18:40:14.630, 2645060716741, testhost.dll, Runtime location: C:\Program Files\dotnet\shared\Microsoft.NETCore.App\6.0.15
TpTrace Information: 0 : 3936, 1, 2023/10/27, 18:40:14.632, 2645060737448, testhost.dll, DefaultEngineInvoker.Invoke: Testhost process started with args :[--port, 53122],[--endpoint, 127.0.0.1:053122],[--role, client],[--parentprocessid, 10568],[--diag, C:\Users\Владимир\Desktop\Политех\Инфа\ООП лабы 3 семак\Готовые лабы\Лаба 9\Код\Laba_9\bin\Debug\net6.0\fine-code-coverage\coverage-tool-output\diagnostics.host.23-10-27_18-40-14_50502_7.log],[--tracelevel, 4],[--datacollectionport, 53121],[--telemetryoptedin, false]
TpTrace Information: 0 : 3936, 1, 2023/10/27, 18:40:14.633, 2645060745213, testhost.dll, Setting up debug trace listener.
TpTrace Verbose: 0 : 3936, 1, 2023/10/27, 18:40:14.633, 2645060746583, testhost.dll, TestPlatformTraceListener.Setup: Replacing listener System.Diagnostics.DefaultTraceListener with TestHostTraceListener.
TpTrace Verbose: 0 : 3936, 1, 2023/10/27, 18:40:14.633, 2645060746851, testhost.dll, TestPlatformTraceListener.Setup: Added test platform trace listener.
TpTrace Information: 0 : 3936, 1, 2023/10/27, 18:40:14.633, 2645060748944, testhost.dll, DefaultEngineInvoker.SetParentProcessExitCallback: Monitoring parent process with id: '10568'
TpTrace Information: 0 : 3936, 1, 2023/10/27, 18:40:14.637, 2645060782231, testhost.dll, DefaultEngineInvoker.GetConnectionInfo: Initialize communication on endpoint address: '127.0.0.1:053122'
TpTrace Information: 0 : 3936, 1, 2023/10/27, 18:40:14.644, 2645060854437, testhost.dll, SocketClient.Start: connecting to server endpoint: 127.0.0.1:053122
TpTrace Information: 0 : 3936, 1, 2023/10/27, 18:40:14.650, 2645060914358, testhost.dll, DefaultEngineInvoker.ConnectToDatacollector: Connecting to datacollector, port: 53121
TpTrace Information: 0 : 3936, 10, 2023/10/27, 18:40:14.652, 2645060929816, testhost.dll, SocketClient.OnServerConnected: connected to server endpoint: 127.0.0.1:053122
TpTrace Information: 0 : 3936, 1, 2023/10/27, 18:40:14.653, 2645060947461, testhost.dll, Trying to connect to server on socket : 127.0.0.1:53121 
TpTrace Verbose: 0 : 3936, 1, 2023/10/27, 18:40:14.654, 2645060950064, testhost.dll, SocketCommunicationManager : SetupClientAsync : Attempting to connect to the server.
TpTrace Verbose: 0 : 3936, 10, 2023/10/27, 18:40:14.654, 2645060955875, testhost.dll, MulticastDelegateUtilities.SafeInvoke: SocketClient: ServerConnected: Invoking callback 1/1 for Microsoft.VisualStudio.TestPlatform.CommunicationUtilities.TestRequestHandler., took 0 ms.
TpTrace Verbose: 0 : 3936, 10, 2023/10/27, 18:40:14.654, 2645060956678, testhost.dll, Connected to server, and starting MessageLoopAsync
TpTrace Information: 0 : 3936, 11, 2023/10/27, 18:40:14.655, 2645060966439, testhost.dll, Connected to the server successfully 
TpTrace Information: 0 : 3936, 11, 2023/10/27, 18:40:14.655, 2645060967043, testhost.dll, Using the buffer size of 16384 bytes
TpTrace Verbose: 0 : 3936, 1, 2023/10/27, 18:40:14.655, 2645060968588, testhost.dll, SocketCommunicationManager.WaitForServerConnection took: 0 ms, with 90000 ms timeout, and finished with True.
TpTrace Information: 0 : 3936, 1, 2023/10/27, 18:40:14.656, 2645060969679, testhost.dll, DefaultEngineInvoker.Invoke: Start Request Processing.
TpTrace Information: 0 : 3936, 14, 2023/10/27, 18:40:14.656, 2645060975266, testhost.dll, DefaultEngineInvoker.StartProcessingAsync: Connected to vstest.console, Starting process requests.
TpTrace Verbose: 0 : 3936, 10, 2023/10/27, 18:40:14.657, 2645060987620, testhost.dll, TcpClientExtensions.MessageLoopAsync: Polling on remoteEndPoint: [::ffff:127.0.0.1]:53122 localEndPoint: [::ffff:127.0.0.1]:53123
TpTrace Verbose: 0 : 3936, 10, 2023/10/27, 18:40:14.658, 2645060990247, testhost.dll, TcpClientExtensions.MessageLoopAsync: NotifyDataAvailable remoteEndPoint: [::ffff:127.0.0.1]:53122 localEndPoint: [::ffff:127.0.0.1]:53123
TpTrace Information: 0 : 3936, 10, 2023/10/27, 18:40:14.661, 2645061020010, testhost.dll, TestRequestHandler.OnMessageReceived: received message: (ProtocolVersion) -> {"MessageType":"ProtocolVersion","Payload":7}
TpTrace Verbose: 0 : 3936, 10, 2023/10/27, 18:40:14.779, 2645062207477, testhost.dll, TestRequestHandler.SendData: sending data from testhost: {"Version":7,"MessageType":"TestSession.Message","Payload":{"MessageLevel":0,"Message":"Ведение журналов диагностики TestHost в файле: C:\\Users\\Владимир\\Desktop\\Политех\\Инфа\\ООП лабы 3 семак\\Готовые лабы\\Лаба 9\\Код\\Laba_9\\bin\\Debug\\net6.0\\fine-code-coverage\\coverage-tool-output\\diagnostics.host.23-10-27_18-40-14_50502_7.log"}}
TpTrace Verbose: 0 : 3936, 10, 2023/10/27, 18:40:14.779, 2645062209049, testhost.dll, MulticastDelegateUtilities.SafeInvoke: LengthPrefixCommunicationChannel: MessageReceived: Invoking callback 1/1 for Microsoft.VisualStudio.TestPlatform.CommunicationUtilities.TestRequestHandler., took 120 ms.
TpTrace Verbose: 0 : 3936, 10, 2023/10/27, 18:40:14.780, 2645062209494, testhost.dll, TcpClientExtensions.MessageLoopAsync: Polling on remoteEndPoint: [::ffff:127.0.0.1]:53122 localEndPoint: [::ffff:127.0.0.1]:53123
TpTrace Verbose: 0 : 3936, 10, 2023/10/27, 18:40:14.788, 2645062289875, testhost.dll, TcpClientExtensions.MessageLoopAsync: NotifyDataAvailable remoteEndPoint: [::ffff:127.0.0.1]:53122 localEndPoint: [::ffff:127.0.0.1]:53123
TpTrace Information: 0 : 3936, 10, 2023/10/27, 18:40:14.788, 2645062292557, testhost.dll, TestRequestHandler.OnMessageReceived: received message: (TestExecution.StartWithSources) -> {"Version":7,"MessageType":"TestExecution.StartWithSources","Payload":{"AdapterSourceMap":{"_none_":["C:\\Users\\Владимир\\Desktop\\Политех\\Инфа\\ООП лабы 3 семак\\Готовые лабы\\Лаба 9\\Код\\Laba_9\\bin\\Debug\\net6.0\\fine-code-coverage\\build-output\\Laba_9.dll"]},"RunSettings":"<RunSettings>\r\n  <RunConfiguration>\r\n    <ResultsDirectory>C:\\Users\\Владимир\\Desktop\\Политех\\Инфа\\ООП лабы 3 семак\\Готовые лабы\\Лаба 9\\Код\\Laba_9\\bin\\Debug\\net6.0\\fine-code-coverage\\coverage-tool-output</ResultsDirectory>\r\n    <TargetFrameworkVersion>.NETCoreApp,Version=v6.0</TargetFrameworkVersion>\r\n    <DesignMode>False</DesignMode>\r\n    <CollectSourceInformation>False</CollectSourceInformation>\r\n  </RunConfiguration>\r\n  <LoggerRunSettings>\r\n    <Loggers>\r\n      <Logger friendlyName=\"blame\" enabled=\"True\" />\r\n      <Logger friendlyName=\"Console\" uri=\"logger://microsoft/TestPlatform/ConsoleLogger/v1\" assemblyQualifiedName=\"Microsoft.VisualStudio.TestPlatform.CommandLine.Internal.ConsoleLogger, vstest.console, Version=15.0.0.0, Culture=neutral, PublicKeyToken=b03f5f7f11d50a3a\" codeBase=\"C:\\Program Files\\dotnet\\sdk\\7.0.202\\vstest.console.dll\" enabled=\"True\" />\r\n    </Loggers>\r\n  </LoggerRunSettings>\r\n  <DataCollectionRunSettings>\r\n    <DataCollectors>\r\n      <DataCollector friendlyName=\"blame\" enabled=\"True\">\r\n        <Configuration>\r\n          <ResultsDirectory>C:\\Users\\Владимир\\Desktop\\Политех\\Инфа\\ООП лабы 3 семак\\Готовые лабы\\Лаба 9\\Код\\Laba_9\\bin\\Debug\\net6.0\\fine-code-coverage\\coverage-tool-output</ResultsDirectory>\r\n        </Configuration>\r\n      </DataCollector>\r\n    </DataCollectors>\r\n  </DataCollectionRunSettings>\r\n</RunSettings>","TestExecutionContext":{"FrequencyOfRunStatsChangeEvent":10,"RunStatsChangeEventTimeout":"00:00:01.5000000","InIsolation":false,"KeepAlive":false,"AreTestCaseLevelEventsRequired":false,"IsDebug":false,"TestCaseFilter":null,"FilterOptions":null},"Package":null}}
TpTrace Verbose: 0 : 3936, 10, 2023/10/27, 18:40:14.815, 2645062561770, testhost.dll, MulticastDelegateUtilities.SafeInvoke: LengthPrefixCommunicationChannel: MessageReceived: Invoking callback 1/1 for Microsoft.VisualStudio.TestPlatform.CommunicationUtilities.TestRequestHandler., took 26 ms.
TpTrace Verbose: 0 : 3936, 10, 2023/10/27, 18:40:14.815, 2645062563329, testhost.dll, TcpClientExtensions.MessageLoopAsync: Polling on remoteEndPoint: [::ffff:127.0.0.1]:53122 localEndPoint: [::ffff:127.0.0.1]:53123
TpTrace Information: 0 : 3936, 4, 2023/10/27, 18:40:14.815, 2645062567390, testhost.dll, TestRequestHandler.OnMessageReceived: Running job 'TestExecution.StartWithSources'.
TpTrace Verbose: 0 : 3936, 4, 2023/10/27, 18:40:14.837, 2645062787702, testhost.dll, TestPluginCache.DiscoverTestExtensions: finding test extensions in assemblies ends with: TestAdapter.dll TPluginInfo: Microsoft.VisualStudio.TestPlatform.Common.ExtensionFramework.Utilities.TestSettingsProviderPluginInformation TExtension: Microsoft.VisualStudio.TestPlatform.ObjectModel.Adapter.ISettingsProvider
TpTrace Verbose: 0 : 3936, 4, 2023/10/27, 18:40:14.839, 2645062805124, testhost.dll, TestPluginCache.GetExtensionPaths: Filtered extension paths: 
TpTrace Verbose: 0 : 3936, 4, 2023/10/27, 18:40:14.839, 2645062805795, testhost.dll, TestPluginCache.GetExtensionPaths: Added default extension paths: 
TpTrace Verbose: 0 : 3936, 4, 2023/10/27, 18:40:14.839, 2645062805976, testhost.dll, TestPluginCache.GetExtensionPaths: Added unfilterableExtensionPaths: 
TpTrace Information: 0 : 3936, 4, 2023/10/27, 18:40:14.840, 2645062815861, testhost.dll, AssemblyResolver.ctor: Creating AssemblyResolver with searchDirectories C:\Program Files\dotnet\sdk\7.0.202
TpTrace Verbose: 0 : 3936, 4, 2023/10/27, 18:40:14.841, 2645062823070, testhost.dll, TestPluginCache.DiscoverTestExtensions: Discovering the extensions using extension path.
TpTrace Verbose: 0 : 3936, 4, 2023/10/27, 18:40:14.841, 2645062823721, testhost.dll, TestPluginCache.GetExtensionPaths: Filtered extension paths: 
TpTrace Verbose: 0 : 3936, 4, 2023/10/27, 18:40:14.841, 2645062823946, testhost.dll, TestPluginCache.GetExtensionPaths: Added default extension paths: 
TpTrace Verbose: 0 : 3936, 4, 2023/10/27, 18:40:14.841, 2645062824087, testhost.dll, TestPluginCache.GetExtensionPaths: Added unfilterableExtensionPaths: 
TpTrace Verbose: 0 : 3936, 4, 2023/10/27, 18:40:14.841, 2645062824360, testhost.dll, TestPluginCache.DiscoverTestExtensions: Discovering the extensions using allExtensionPaths: 
TpTrace Information: 0 : 3936, 4, 2023/10/27, 18:40:14.846, 2645062869907, testhost.dll, AssemblyResolver.OnResolve: Microsoft.VisualStudio.TestTools.CppUnitTestFramework.CppUnitTestExtension: Resolving assembly.
TpTrace Information: 0 : 3936, 4, 2023/10/27, 18:40:14.846, 2645062870933, testhost.dll, AssemblyResolver.OnResolve: Microsoft.VisualStudio.TestTools.CppUnitTestFramework.CppUnitTestExtension: Searching in: 'C:\Program Files\dotnet\sdk\7.0.202'.
TpTrace Information: 0 : 3936, 4, 2023/10/27, 18:40:14.846, 2645062872442, testhost.dll, AssemblyResolver.OnResolve: Microsoft.VisualStudio.TestTools.CppUnitTestFramework.CppUnitTestExtension: Assembly path does not exist: 'C:\Program Files\dotnet\sdk\7.0.202\Microsoft.VisualStudio.TestTools.CppUnitTestFramework.CppUnitTestExtension.dll', returning.
TpTrace Information: 0 : 3936, 4, 2023/10/27, 18:40:14.846, 2645062872965, testhost.dll, AssemblyResolver.OnResolve: Microsoft.VisualStudio.TestTools.CppUnitTestFramework.CppUnitTestExtension: Assembly path does not exist: 'C:\Program Files\dotnet\sdk\7.0.202\Microsoft.VisualStudio.TestTools.CppUnitTestFramework.CppUnitTestExtension.exe', returning.
TpTrace Information: 0 : 3936, 4, 2023/10/27, 18:40:14.846, 2645062873151, testhost.dll, AssemblyResolver.OnResolve: Microsoft.VisualStudio.TestTools.CppUnitTestFramework.CppUnitTestExtension: Failed to load assembly.
TpTrace Verbose: 0 : 3936, 4, 2023/10/27, 18:40:14.846, 2645062875942, testhost.dll, CurrentDomainAssemblyResolve: Resolving assembly 'Microsoft.VisualStudio.TestTools.CppUnitTestFramework.CppUnitTestExtension'.
TpTrace Information: 0 : 3936, 4, 2023/10/27, 18:40:14.846, 2645062876554, testhost.dll, AssemblyResolver.OnResolve: Microsoft.VisualStudio.TestTools.CppUnitTestFramework.CppUnitTestExtension: Resolving assembly.
TpTrace Information: 0 : 3936, 4, 2023/10/27, 18:40:14.846, 2645062876851, testhost.dll, AssemblyResolver.OnResolve: Microsoft.VisualStudio.TestTools.CppUnitTestFramework.CppUnitTestExtension: Resolved from cache.
TpTrace Verbose: 0 : 3936, 4, 2023/10/27, 18:40:14.846, 2645062877119, testhost.dll, CurrentDomainAssemblyResolve: Resolving assembly 'Microsoft.VisualStudio.TestTools.CppUnitTestFramework.CppUnitTestExtension'.
TpTrace Verbose: 0 : 3936, 4, 2023/10/27, 18:40:14.846, 2645062877350, testhost.dll, CurrentDomainAssemblyResolve: Failed to resolve assembly 'Microsoft.VisualStudio.TestTools.CppUnitTestFramework.CppUnitTestExtension'.
TpTrace Verbose: 0 : 3936, 4, 2023/10/27, 18:40:14.849, 2645062905646, testhost.dll, CurrentDomainAssemblyResolve: Failed to resolve assembly 'Microsoft.VisualStudio.TestTools.CppUnitTestFramework.CppUnitTestExtension'.
TpTrace Warning: 0 : 3936, 4, 2023/10/27, 18:40:14.869, 2645063100063, testhost.dll, TestPluginDiscoverer: Failed to load extensions from file 'Microsoft.VisualStudio.TestTools.CppUnitTestFramework.CppUnitTestExtension.dll'.  Skipping test extension scan for this file.  Error: System.IO.FileNotFoundException: Could not load file or assembly 'Microsoft.VisualStudio.TestTools.CppUnitTestFramework.CppUnitTestExtension, Culture=neutral, PublicKeyToken=null'. Не удается найти указанный файл.
File name: 'Microsoft.VisualStudio.TestTools.CppUnitTestFramework.CppUnitTestExtension, Culture=neutral, PublicKeyToken=null'
 ---> System.IO.FileNotFoundException: Could not load file or assembly 'Microsoft.VisualStudio.TestTools.CppUnitTestFramework.CppUnitTestExtension, Culture=neutral, PublicKeyToken=null'. Не удается найти указанный файл.
File name: 'Microsoft.VisualStudio.TestTools.CppUnitTestFramework.CppUnitTestExtension, Culture=neutral, PublicKeyToken=null'
   at System.Reflection.RuntimeAssembly.InternalLoad(ObjectHandleOnStack assemblyName, ObjectHandleOnStack requestingAssembly, StackCrawlMarkHandle stackMark, Boolean throwOnFileNotFound, ObjectHandleOnStack assemblyLoadContext, ObjectHandleOnStack retAssembly)
   at System.Reflection.RuntimeAssembly.InternalLoad(AssemblyName assemblyName, RuntimeAssembly requestingAssembly, StackCrawlMark& stackMark, Boolean throwOnFileNotFound, AssemblyLoadContext assemblyLoadContext)
   at System.Reflection.Assembly.Load(AssemblyName assemblyRef)
   at Microsoft.VisualStudio.TestPlatform.Common.ExtensionFramework.TestPluginCache.CurrentDomainAssemblyResolve(Object sender, AssemblyResolveEventArgs args)
   at Microsoft.VisualStudio.TestPlatform.PlatformAbstractions.PlatformAssemblyResolver.AssemblyResolverEvent(Object sender, Object eventArgs)
   at System.Runtime.Loader.AssemblyLoadContext.GetFirstResolvedAssemblyFromResolvingEvent(AssemblyName assemblyName)
   at System.Runtime.Loader.AssemblyLoadContext.ResolveUsingEvent(AssemblyName assemblyName)
   at System.Runtime.Loader.AssemblyLoadContext.ResolveUsingResolvingEvent(IntPtr gchManagedAssemblyLoadContext, AssemblyName assemblyName)
   at System.Reflection.RuntimeAssembly.InternalLoad(ObjectHandleOnStack assemblyName, ObjectHandleOnStack requestingAssembly, StackCrawlMarkHandle stackMark, Boolean throwOnFileNotFound, ObjectHandleOnStack assemblyLoadContext, ObjectHandleOnStack retAssembly)
   at System.Reflection.RuntimeAssembly.InternalLoad(AssemblyName assemblyName, RuntimeAssembly requestingAssembly, StackCrawlMark& stackMark, Boolean throwOnFileNotFound, AssemblyLoadContext assemblyLoadContext)
   at System.Reflection.Assembly.Load(AssemblyName assemblyRef)
   at Microsoft.VisualStudio.TestPlatform.Common.ExtensionFramework.TestPluginDiscoverer.GetTestExtensionsFromFiles[TPluginInfo,TExtension](String[] files, Dictionary`2 pluginInfos)
TpTrace Information: 0 : 3936, 4, 2023/10/27, 18:40:14.869, 2645063103134, testhost.dll, AssemblyResolver.OnResolve: Microsoft.VisualStudio.TestPlatform.Extensions.MSAppContainerAdapter: Resolving assembly.
TpTrace Information: 0 : 3936, 4, 2023/10/27, 18:40:14.869, 2645063104117, testhost.dll, AssemblyResolver.OnResolve: Microsoft.VisualStudio.TestPlatform.Extensions.MSAppContainerAdapter: Searching in: 'C:\Program Files\dotnet\sdk\7.0.202'.
TpTrace Information: 0 : 3936, 4, 2023/10/27, 18:40:14.869, 2645063104765, testhost.dll, AssemblyResolver.OnResolve: Microsoft.VisualStudio.TestPlatform.Extensions.MSAppContainerAdapter: Assembly path does not exist: 'C:\Program Files\dotnet\sdk\7.0.202\Microsoft.VisualStudio.TestPlatform.Extensions.MSAppContainerAdapter.dll', returning.
TpTrace Information: 0 : 3936, 4, 2023/10/27, 18:40:14.869, 2645063105258, testhost.dll, AssemblyResolver.OnResolve: Microsoft.VisualStudio.TestPlatform.Extensions.MSAppContainerAdapter: Assembly path does not exist: 'C:\Program Files\dotnet\sdk\7.0.202\Microsoft.VisualStudio.TestPlatform.Extensions.MSAppContainerAdapter.exe', returning.
TpTrace Information: 0 : 3936, 4, 2023/10/27, 18:40:14.869, 2645063105448, testhost.dll, AssemblyResolver.OnResolve: Microsoft.VisualStudio.TestPlatform.Extensions.MSAppContainerAdapter: Failed to load assembly.
TpTrace Verbose: 0 : 3936, 4, 2023/10/27, 18:40:14.869, 2645063105652, testhost.dll, CurrentDomainAssemblyResolve: Resolving assembly 'Microsoft.VisualStudio.TestPlatform.Extensions.MSAppContainerAdapter'.
TpTrace Information: 0 : 3936, 4, 2023/10/27, 18:40:14.869, 2645063105963, testhost.dll, AssemblyResolver.OnResolve: Microsoft.VisualStudio.TestPlatform.Extensions.MSAppContainerAdapter: Resolving assembly.
TpTrace Information: 0 : 3936, 4, 2023/10/27, 18:40:14.869, 2645063106138, testhost.dll, AssemblyResolver.OnResolve: Microsoft.VisualStudio.TestPlatform.Extensions.MSAppContainerAdapter: Resolved from cache.
TpTrace Verbose: 0 : 3936, 4, 2023/10/27, 18:40:14.869, 2645063106349, testhost.dll, CurrentDomainAssemblyResolve: Resolving assembly 'Microsoft.VisualStudio.TestPlatform.Extensions.MSAppContainerAdapter'.
TpTrace Verbose: 0 : 3936, 4, 2023/10/27, 18:40:14.869, 2645063106507, testhost.dll, CurrentDomainAssemblyResolve: Failed to resolve assembly 'Microsoft.VisualStudio.TestPlatform.Extensions.MSAppContainerAdapter'.
TpTrace Verbose: 0 : 3936, 4, 2023/10/27, 18:40:14.869, 2645063107709, testhost.dll, CurrentDomainAssemblyResolve: Failed to resolve assembly 'Microsoft.VisualStudio.TestPlatform.Extensions.MSAppContainerAdapter'.
TpTrace Warning: 0 : 3936, 4, 2023/10/27, 18:40:14.870, 2645063109969, testhost.dll, TestPluginDiscoverer: Failed to load extensions from file 'Microsoft.VisualStudio.TestPlatform.Extensions.MSAppContainerAdapter.dll'.  Skipping test extension scan for this file.  Error: System.IO.FileNotFoundException: Could not load file or assembly 'Microsoft.VisualStudio.TestPlatform.Extensions.MSAppContainerAdapter, Culture=neutral, PublicKeyToken=null'. Не удается найти указанный файл.
File name: 'Microsoft.VisualStudio.TestPlatform.Extensions.MSAppContainerAdapter, Culture=neutral, PublicKeyToken=null'
 ---> System.IO.FileNotFoundException: Could not load file or assembly 'Microsoft.VisualStudio.TestPlatform.Extensions.MSAppContainerAdapter, Culture=neutral, PublicKeyToken=null'. Не удается найти указанный файл.
File name: 'Microsoft.VisualStudio.TestPlatform.Extensions.MSAppContainerAdapter, Culture=neutral, PublicKeyToken=null'
   at System.Reflection.RuntimeAssembly.InternalLoad(ObjectHandleOnStack assemblyName, ObjectHandleOnStack requestingAssembly, StackCrawlMarkHandle stackMark, Boolean throwOnFileNotFound, ObjectHandleOnStack assemblyLoadContext, ObjectHandleOnStack retAssembly)
   at System.Reflection.RuntimeAssembly.InternalLoad(AssemblyName assemblyName, RuntimeAssembly requestingAssembly, StackCrawlMark& stackMark, Boolean throwOnFileNotFound, AssemblyLoadContext assemblyLoadContext)
   at System.Reflection.Assembly.Load(AssemblyName assemblyRef)
   at Microsoft.VisualStudio.TestPlatform.Common.ExtensionFramework.TestPluginCache.CurrentDomainAssemblyResolve(Object sender, AssemblyResolveEventArgs args)
   at Microsoft.VisualStudio.TestPlatform.PlatformAbstractions.PlatformAssemblyResolver.AssemblyResolverEvent(Object sender, Object eventArgs)
   at System.Runtime.Loader.AssemblyLoadContext.GetFirstResolvedAssemblyFromResolvingEvent(AssemblyName assemblyName)
   at System.Runtime.Loader.AssemblyLoadContext.ResolveUsingEvent(AssemblyName assemblyName)
   at System.Runtime.Loader.AssemblyLoadContext.ResolveUsingResolvingEvent(IntPtr gchManagedAssemblyLoadContext, AssemblyName assemblyName)
   at System.Reflection.RuntimeAssembly.InternalLoad(ObjectHandleOnStack assemblyName, ObjectHandleOnStack requestingAssembly, StackCrawlMarkHandle stackMark, Boolean throwOnFileNotFound, ObjectHandleOnStack assemblyLoadContext, ObjectHandleOnStack retAssembly)
   at System.Reflection.RuntimeAssembly.InternalLoad(AssemblyName assemblyName, RuntimeAssembly requestingAssembly, StackCrawlMark& stackMark, Boolean throwOnFileNotFound, AssemblyLoadContext assemblyLoadContext)
   at System.Reflection.Assembly.Load(AssemblyName assemblyRef)
   at Microsoft.VisualStudio.TestPlatform.Common.ExtensionFramework.TestPluginDiscoverer.GetTestExtensionsFromFiles[TPluginInfo,TExtension](String[] files, Dictionary`2 pluginInfos)
TpTrace Verbose: 0 : 3936, 4, 2023/10/27, 18:40:14.872, 2645063131528, testhost.dll, TestPluginCache: Discovered the extensions using extension path ''.
TpTrace Verbose: 0 : 3936, 4, 2023/10/27, 18:40:14.872, 2645063135334, testhost.dll, TestPluginCache: Discoverers are ''.
TpTrace Verbose: 0 : 3936, 4, 2023/10/27, 18:40:14.872, 2645063135795, testhost.dll, TestPluginCache: Executors are ''.
TpTrace Verbose: 0 : 3936, 4, 2023/10/27, 18:40:14.872, 2645063136100, testhost.dll, TestPluginCache: Executors2 are ''.
TpTrace Verbose: 0 : 3936, 4, 2023/10/27, 18:40:14.872, 2645063136582, testhost.dll, TestPluginCache: Setting providers are ''.
TpTrace Verbose: 0 : 3936, 4, 2023/10/27, 18:40:14.872, 2645063136951, testhost.dll, TestPluginCache: Loggers are ''.
TpTrace Verbose: 0 : 3936, 4, 2023/10/27, 18:40:14.872, 2645063137253, testhost.dll, TestPluginCache: TestHosts are ''.
TpTrace Verbose: 0 : 3936, 4, 2023/10/27, 18:40:14.872, 2645063137533, testhost.dll, TestPluginCache: DataCollectors are ''.
TpTrace Verbose: 0 : 3936, 4, 2023/10/27, 18:40:14.925, 2645063659278, testhost.dll, MulticastDelegateUtilities.SafeInvoke: TestCaseEventsHandler.RaiseSessionStart: Invoking callbacks was skipped because there are no subscribers.
TpTrace Information: 0 : 3936, 4, 2023/10/27, 18:40:14.928, 2645063693657, testhost.dll, TestDiscoveryManager: Discovering tests from sources C:\Users\Владимир\Desktop\Политех\Инфа\ООП лабы 3 семак\Готовые лабы\Лаба 9\Код\Laba_9\bin\Debug\net6.0\fine-code-coverage\build-output\Laba_9.dll
TpTrace Verbose: 0 : 3936, 4, 2023/10/27, 18:40:14.931, 2645063722989, testhost.dll, TestPluginCache.DiscoverTestExtensions: finding test extensions in assemblies ends with: TestAdapter.dll TPluginInfo: Microsoft.VisualStudio.TestPlatform.Common.ExtensionFramework.Utilities.TestDiscovererPluginInformation TExtension: Microsoft.VisualStudio.TestPlatform.ObjectModel.Adapter.ITestDiscoverer
TpTrace Verbose: 0 : 3936, 4, 2023/10/27, 18:40:14.931, 2645063724916, testhost.dll, TestPluginCache.GetExtensionPaths: Filtered extension paths: 
TpTrace Verbose: 0 : 3936, 4, 2023/10/27, 18:40:14.931, 2645063725196, testhost.dll, TestPluginCache.GetExtensionPaths: Added default extension paths: 
TpTrace Verbose: 0 : 3936, 4, 2023/10/27, 18:40:14.931, 2645063725341, testhost.dll, TestPluginCache.GetExtensionPaths: Added unfilterableExtensionPaths: 
TpTrace Information: 0 : 3936, 4, 2023/10/27, 18:40:14.931, 2645063728716, testhost.dll, AssemblyResolver.AddSearchDirectories: Adding more searchDirectories C:\Program Files\dotnet\sdk\7.0.202
TpTrace Verbose: 0 : 3936, 4, 2023/10/27, 18:40:14.931, 2645063729216, testhost.dll, TestPluginCache.DiscoverTestExtensions: Discovering the extensions using extension path.
TpTrace Verbose: 0 : 3936, 4, 2023/10/27, 18:40:14.932, 2645063729447, testhost.dll, TestPluginCache.GetExtensionPaths: Filtered extension paths: 
TpTrace Verbose: 0 : 3936, 4, 2023/10/27, 18:40:14.932, 2645063729614, testhost.dll, TestPluginCache.GetExtensionPaths: Added default extension paths: 
TpTrace Verbose: 0 : 3936, 4, 2023/10/27, 18:40:14.932, 2645063729754, testhost.dll, TestPluginCache.GetExtensionPaths: Added unfilterableExtensionPaths: 
TpTrace Verbose: 0 : 3936, 4, 2023/10/27, 18:40:14.932, 2645063729911, testhost.dll, TestPluginCache.DiscoverTestExtensions: Discovering the extensions using allExtensionPaths: 
TpTrace Information: 0 : 3936, 4, 2023/10/27, 18:40:14.932, 2645063730680, testhost.dll, AssemblyResolver.OnResolve: Microsoft.VisualStudio.TestTools.CppUnitTestFramework.CppUnitTestExtension: Resolving assembly.
TpTrace Information: 0 : 3936, 4, 2023/10/27, 18:40:14.932, 2645063730879, testhost.dll, AssemblyResolver.OnResolve: Microsoft.VisualStudio.TestTools.CppUnitTestFramework.CppUnitTestExtension: Resolved from cache.
TpTrace Verbose: 0 : 3936, 4, 2023/10/27, 18:40:14.932, 2645063731047, testhost.dll, CurrentDomainAssemblyResolve: Resolving assembly 'Microsoft.VisualStudio.TestTools.CppUnitTestFramework.CppUnitTestExtension'.
TpTrace Information: 0 : 3936, 4, 2023/10/27, 18:40:14.932, 2645063731293, testhost.dll, AssemblyResolver.OnResolve: Microsoft.VisualStudio.TestTools.CppUnitTestFramework.CppUnitTestExtension: Resolving assembly.
TpTrace Information: 0 : 3936, 4, 2023/10/27, 18:40:14.932, 2645063731438, testhost.dll, AssemblyResolver.OnResolve: Microsoft.VisualStudio.TestTools.CppUnitTestFramework.CppUnitTestExtension: Resolved from cache.
TpTrace Verbose: 0 : 3936, 4, 2023/10/27, 18:40:14.932, 2645063731625, testhost.dll, CurrentDomainAssemblyResolve: Resolving assembly 'Microsoft.VisualStudio.TestTools.CppUnitTestFramework.CppUnitTestExtension'.
TpTrace Verbose: 0 : 3936, 4, 2023/10/27, 18:40:14.932, 2645063731769, testhost.dll, CurrentDomainAssemblyResolve: Failed to resolve assembly 'Microsoft.VisualStudio.TestTools.CppUnitTestFramework.CppUnitTestExtension'.
TpTrace Verbose: 0 : 3936, 4, 2023/10/27, 18:40:14.932, 2645063732882, testhost.dll, CurrentDomainAssemblyResolve: Failed to resolve assembly 'Microsoft.VisualStudio.TestTools.CppUnitTestFramework.CppUnitTestExtension'.
TpTrace Warning: 0 : 3936, 4, 2023/10/27, 18:40:14.932, 2645063735134, testhost.dll, TestPluginDiscoverer: Failed to load extensions from file 'Microsoft.VisualStudio.TestTools.CppUnitTestFramework.CppUnitTestExtension.dll'.  Skipping test extension scan for this file.  Error: System.IO.FileNotFoundException: Could not load file or assembly 'Microsoft.VisualStudio.TestTools.CppUnitTestFramework.CppUnitTestExtension, Culture=neutral, PublicKeyToken=null'. Не удается найти указанный файл.
File name: 'Microsoft.VisualStudio.TestTools.CppUnitTestFramework.CppUnitTestExtension, Culture=neutral, PublicKeyToken=null'
 ---> System.IO.FileNotFoundException: Could not load file or assembly 'Microsoft.VisualStudio.TestTools.CppUnitTestFramework.CppUnitTestExtension, Culture=neutral, PublicKeyToken=null'. Не удается найти указанный файл.
File name: 'Microsoft.VisualStudio.TestTools.CppUnitTestFramework.CppUnitTestExtension, Culture=neutral, PublicKeyToken=null'
   at System.Reflection.RuntimeAssembly.InternalLoad(ObjectHandleOnStack assemblyName, ObjectHandleOnStack requestingAssembly, StackCrawlMarkHandle stackMark, Boolean throwOnFileNotFound, ObjectHandleOnStack assemblyLoadContext, ObjectHandleOnStack retAssembly)
   at System.Reflection.RuntimeAssembly.InternalLoad(AssemblyName assemblyName, RuntimeAssembly requestingAssembly, StackCrawlMark& stackMark, Boolean throwOnFileNotFound, AssemblyLoadContext assemblyLoadContext)
   at System.Reflection.Assembly.Load(AssemblyName assemblyRef)
   at Microsoft.VisualStudio.TestPlatform.Common.ExtensionFramework.TestPluginCache.CurrentDomainAssemblyResolve(Object sender, AssemblyResolveEventArgs args)
   at Microsoft.VisualStudio.TestPlatform.PlatformAbstractions.PlatformAssemblyResolver.AssemblyResolverEvent(Object sender, Object eventArgs)
   at System.Runtime.Loader.AssemblyLoadContext.GetFirstResolvedAssemblyFromResolvingEvent(AssemblyName assemblyName)
   at System.Runtime.Loader.AssemblyLoadContext.ResolveUsingEvent(AssemblyName assemblyName)
   at System.Runtime.Loader.AssemblyLoadContext.ResolveUsingResolvingEvent(IntPtr gchManagedAssemblyLoadContext, AssemblyName assemblyName)
   at System.Reflection.RuntimeAssembly.InternalLoad(ObjectHandleOnStack assemblyName, ObjectHandleOnStack requestingAssembly, StackCrawlMarkHandle stackMark, Boolean throwOnFileNotFound, ObjectHandleOnStack assemblyLoadContext, ObjectHandleOnStack retAssembly)
   at System.Reflection.RuntimeAssembly.InternalLoad(AssemblyName assemblyName, RuntimeAssembly requestingAssembly, StackCrawlMark& stackMark, Boolean throwOnFileNotFound, AssemblyLoadContext assemblyLoadContext)
   at System.Reflection.Assembly.Load(AssemblyName assemblyRef)
   at Microsoft.VisualStudio.TestPlatform.Common.ExtensionFramework.TestPluginDiscoverer.GetTestExtensionsFromFiles[TPluginInfo,TExtension](String[] files, Dictionary`2 pluginInfos)
TpTrace Information: 0 : 3936, 4, 2023/10/27, 18:40:14.932, 2645063735750, testhost.dll, AssemblyResolver.OnResolve: Microsoft.VisualStudio.TestPlatform.Extensions.MSAppContainerAdapter: Resolving assembly.
TpTrace Information: 0 : 3936, 4, 2023/10/27, 18:40:14.932, 2645063735945, testhost.dll, AssemblyResolver.OnResolve: Microsoft.VisualStudio.TestPlatform.Extensions.MSAppContainerAdapter: Resolved from cache.
TpTrace Verbose: 0 : 3936, 4, 2023/10/27, 18:40:14.932, 2645063736146, testhost.dll, CurrentDomainAssemblyResolve: Resolving assembly 'Microsoft.VisualStudio.TestPlatform.Extensions.MSAppContainerAdapter'.
TpTrace Information: 0 : 3936, 4, 2023/10/27, 18:40:14.932, 2645063736398, testhost.dll, AssemblyResolver.OnResolve: Microsoft.VisualStudio.TestPlatform.Extensions.MSAppContainerAdapter: Resolving assembly.
TpTrace Information: 0 : 3936, 4, 2023/10/27, 18:40:14.932, 2645063736589, testhost.dll, AssemblyResolver.OnResolve: Microsoft.VisualStudio.TestPlatform.Extensions.MSAppContainerAdapter: Resolved from cache.
TpTrace Verbose: 0 : 3936, 4, 2023/10/27, 18:40:14.932, 2645063736748, testhost.dll, CurrentDomainAssemblyResolve: Resolving assembly 'Microsoft.VisualStudio.TestPlatform.Extensions.MSAppContainerAdapter'.
TpTrace Verbose: 0 : 3936, 4, 2023/10/27, 18:40:14.932, 2645063736919, testhost.dll, CurrentDomainAssemblyResolve: Failed to resolve assembly 'Microsoft.VisualStudio.TestPlatform.Extensions.MSAppContainerAdapter'.
TpTrace Verbose: 0 : 3936, 4, 2023/10/27, 18:40:14.932, 2645063737648, testhost.dll, CurrentDomainAssemblyResolve: Failed to resolve assembly 'Microsoft.VisualStudio.TestPlatform.Extensions.MSAppContainerAdapter'.
TpTrace Warning: 0 : 3936, 4, 2023/10/27, 18:40:14.933, 2645063739342, testhost.dll, TestPluginDiscoverer: Failed to load extensions from file 'Microsoft.VisualStudio.TestPlatform.Extensions.MSAppContainerAdapter.dll'.  Skipping test extension scan for this file.  Error: System.IO.FileNotFoundException: Could not load file or assembly 'Microsoft.VisualStudio.TestPlatform.Extensions.MSAppContainerAdapter, Culture=neutral, PublicKeyToken=null'. Не удается найти указанный файл.
File name: 'Microsoft.VisualStudio.TestPlatform.Extensions.MSAppContainerAdapter, Culture=neutral, PublicKeyToken=null'
 ---> System.IO.FileNotFoundException: Could not load file or assembly 'Microsoft.VisualStudio.TestPlatform.Extensions.MSAppContainerAdapter, Culture=neutral, PublicKeyToken=null'. Не удается найти указанный файл.
File name: 'Microsoft.VisualStudio.TestPlatform.Extensions.MSAppContainerAdapter, Culture=neutral, PublicKeyToken=null'
   at System.Reflection.RuntimeAssembly.InternalLoad(ObjectHandleOnStack assemblyName, ObjectHandleOnStack requestingAssembly, StackCrawlMarkHandle stackMark, Boolean throwOnFileNotFound, ObjectHandleOnStack assemblyLoadContext, ObjectHandleOnStack retAssembly)
   at System.Reflection.RuntimeAssembly.InternalLoad(AssemblyName assemblyName, RuntimeAssembly requestingAssembly, StackCrawlMark& stackMark, Boolean throwOnFileNotFound, AssemblyLoadContext assemblyLoadContext)
   at System.Reflection.Assembly.Load(AssemblyName assemblyRef)
   at Microsoft.VisualStudio.TestPlatform.Common.ExtensionFramework.TestPluginCache.CurrentDomainAssemblyResolve(Object sender, AssemblyResolveEventArgs args)
   at Microsoft.VisualStudio.TestPlatform.PlatformAbstractions.PlatformAssemblyResolver.AssemblyResolverEvent(Object sender, Object eventArgs)
   at System.Runtime.Loader.AssemblyLoadContext.GetFirstResolvedAssemblyFromResolvingEvent(AssemblyName assemblyName)
   at System.Runtime.Loader.AssemblyLoadContext.ResolveUsingEvent(AssemblyName assemblyName)
   at System.Runtime.Loader.AssemblyLoadContext.ResolveUsingResolvingEvent(IntPtr gchManagedAssemblyLoadContext, AssemblyName assemblyName)
   at System.Reflection.RuntimeAssembly.InternalLoad(ObjectHandleOnStack assemblyName, ObjectHandleOnStack requestingAssembly, StackCrawlMarkHandle stackMark, Boolean throwOnFileNotFound, ObjectHandleOnStack assemblyLoadContext, ObjectHandleOnStack retAssembly)
   at System.Reflection.RuntimeAssembly.InternalLoad(AssemblyName assemblyName, RuntimeAssembly requestingAssembly, StackCrawlMark& stackMark, Boolean throwOnFileNotFound, AssemblyLoadContext assemblyLoadContext)
   at System.Reflection.Assembly.Load(AssemblyName assemblyRef)
   at Microsoft.VisualStudio.TestPlatform.Common.ExtensionFramework.TestPluginDiscoverer.GetTestExtensionsFromFiles[TPluginInfo,TExtension](String[] files, Dictionary`2 pluginInfos)
TpTrace Verbose: 0 : 3936, 4, 2023/10/27, 18:40:14.933, 2645063741005, testhost.dll, TestPluginCache: Discovered the extensions using extension path ''.
TpTrace Verbose: 0 : 3936, 4, 2023/10/27, 18:40:14.933, 2645063741383, testhost.dll, TestPluginCache: Discoverers are ''.
TpTrace Verbose: 0 : 3936, 4, 2023/10/27, 18:40:14.933, 2645063741534, testhost.dll, TestPluginCache: Executors are ''.
TpTrace Verbose: 0 : 3936, 4, 2023/10/27, 18:40:14.933, 2645063741668, testhost.dll, TestPluginCache: Executors2 are ''.
TpTrace Verbose: 0 : 3936, 4, 2023/10/27, 18:40:14.933, 2645063741819, testhost.dll, TestPluginCache: Setting providers are ''.
TpTrace Verbose: 0 : 3936, 4, 2023/10/27, 18:40:14.933, 2645063741988, testhost.dll, TestPluginCache: Loggers are ''.
TpTrace Verbose: 0 : 3936, 4, 2023/10/27, 18:40:14.933, 2645063742121, testhost.dll, TestPluginCache: TestHosts are ''.
TpTrace Verbose: 0 : 3936, 4, 2023/10/27, 18:40:14.933, 2645063742250, testhost.dll, TestPluginCache: DataCollectors are ''.
TpTrace Warning: 0 : 3936, 4, 2023/10/27, 18:40:14.933, 2645063749212, testhost.dll, В C:\Users\Владимир\Desktop\Политех\Инфа\ООП лабы 3 семак\Готовые лабы\Лаба 9\Код\Laba_9\bin\Debug\net6.0\fine-code-coverage\build-output\Laba_9.dll нет доступных тестов. Убедитесь, что средства обнаружения и выполнения тестов зарегистрированы, а также проверьте правильность параметров платформы и версии платформы, после чего повторите попытку.
TpTrace Verbose: 0 : 3936, 4, 2023/10/27, 18:40:14.934, 2645063749911, testhost.dll, TestRequestHandler.SendData: sending data from testhost: {"Version":7,"MessageType":"TestSession.Message","Payload":{"MessageLevel":1,"Message":"В C:\\Users\\Владимир\\Desktop\\Политех\\Инфа\\ООП лабы 3 семак\\Готовые лабы\\Лаба 9\\Код\\Laba_9\\bin\\Debug\\net6.0\\fine-code-coverage\\build-output\\Laba_9.dll нет доступных тестов. Убедитесь, что средства обнаружения и выполнения тестов зарегистрированы, а также проверьте правильность параметров платформы и версии платформы, после чего повторите попытку."}}
TpTrace Verbose: 0 : 3936, 4, 2023/10/27, 18:40:14.934, 2645063750964, testhost.dll, MulticastDelegateUtilities.SafeInvoke: TestRunMessageLoggerProxy.SendMessage: Invoking callback 1/1 for Microsoft.VisualStudio.TestPlatform.CrossPlatEngine.Execution.RunTestsWithSources., took 0 ms.
TpTrace Verbose: 0 : 3936, 4, 2023/10/27, 18:40:14.942, 2645063830889, testhost.dll, MulticastDelegateUtilities.SafeInvoke: TestCaseEventsHandler.RaiseSessionEnd: Invoking callback 1/1 for Microsoft.VisualStudio.TestPlatform.CrossPlatEngine.DataCollection.ProxyOutOfProcDataCollectionManager., took 3 ms.
TpTrace Information: 0 : 3936, 4, 2023/10/27, 18:40:14.944, 2645063857002, testhost.dll, Sending test run complete
TpTrace Verbose: 0 : 3936, 4, 2023/10/27, 18:40:14.961, 2645064028451, testhost.dll, TestRequestHandler.SendData: sending data from testhost: {"Version":7,"MessageType":"TestExecution.Completed","Payload":{"TestRunCompleteArgs":{"TestRunStatistics":{"ExecutedTests":0,"Stats":{}},"IsCanceled":false,"IsAborted":false,"Error":null,"AttachmentSets":[],"InvokedDataCollectors":[],"ElapsedTimeInRunningTests":"00:00:00.0039662","Metrics":{},"DiscoveredExtensions":{"TestDiscoverers":[],"TestSettingsProviders":[]}},"LastRunTests":{"NewTestResults":[],"TestRunStatistics":{"ExecutedTests":0,"Stats":{}},"ActiveTests":[]},"RunAttachments":[],"ExecutorUris":[]}}
TpTrace Verbose: 0 : 3936, 4, 2023/10/27, 18:40:14.962, 2645064030952, testhost.dll, BaseRunTests.RunTests: Run is complete.
TpTrace Verbose: 0 : 3936, 10, 2023/10/27, 18:40:14.962, 2645064035608, testhost.dll, TcpClientExtensions.MessageLoopAsync: NotifyDataAvailable remoteEndPoint: [::ffff:127.0.0.1]:53122 localEndPoint: [::ffff:127.0.0.1]:53123
TpTrace Information: 0 : 3936, 10, 2023/10/27, 18:40:14.962, 2645064036534, testhost.dll, TestRequestHandler.OnMessageReceived: received message: (TestSession.Terminate) -> {"MessageType":"TestSession.Terminate","Payload":null}
TpTrace Information: 0 : 3936, 10, 2023/10/27, 18:40:14.962, 2645064036761, testhost.dll, Session End message received from server. Closing the connection.
TpTrace Information: 0 : 3936, 10, 2023/10/27, 18:40:14.963, 2645064039317, testhost.dll, SocketClient.Stop: Stop communication from server endpoint: 127.0.0.1:053122
TpTrace Information: 0 : 3936, 10, 2023/10/27, 18:40:14.963, 2645064039654, testhost.dll, SocketClient: Stop: Cancellation requested. Stopping message loop.
TpTrace Verbose: 0 : 3936, 10, 2023/10/27, 18:40:14.963, 2645064040658, testhost.dll, LengthPrefixCommunicationChannel.Dispose: Dispose reader and writer.
TpTrace Information: 0 : 3936, 10, 2023/10/27, 18:40:14.963, 2645064040939, testhost.dll, Closing the connection !
TpTrace Verbose: 0 : 3936, 10, 2023/10/27, 18:40:14.963, 2645064041103, testhost.dll, MulticastDelegateUtilities.SafeInvoke: LengthPrefixCommunicationChannel: MessageReceived: Invoking callback 1/1 for Microsoft.VisualStudio.TestPlatform.CommunicationUtilities.TestRequestHandler., took 0 ms.
TpTrace Information: 0 : 3936, 10, 2023/10/27, 18:40:14.963, 2645064042432, testhost.dll, SocketClient.PrivateStop: Stop communication from server endpoint: 127.0.0.1:053122, error:
TpTrace Information: 0 : 3936, 1, 2023/10/27, 18:40:14.964, 2645064049722, testhost.dll, Closing the connection!
TpTrace Information: 0 : 3936, 1, 2023/10/27, 18:40:14.964, 2645064050594, testhost.dll, Testhost process exiting.
TpTrace Verbose: 0 : 3936, 10, 2023/10/27, 18:40:14.964, 2645064049770, testhost.dll, LengthPrefixCommunicationChannel.Dispose: Dispose reader and writer.
TpTrace Verbose: 0 : 3936, 10, 2023/10/27, 18:40:14.964, 2645064051435, testhost.dll, TcpClientExtensions.MessageLoopAsync: exiting MessageLoopAsync remoteEndPoint: [::ffff:127.0.0.1]:53122 localEndPoint: [::ffff:127.0.0.1]:53123
