TpTrace Verbose: 0 : 7156, 1, 2023/11/30, 12:11:55.961, 20674687899124, testhost.dll, Version: 17.5.0-release-20221220-01 Current process architecture: X64
TpTrace Verbose: 0 : 7156, 1, 2023/11/30, 12:11:55.965, 20674687939063, testhost.dll, Runtime location: C:\Program Files\dotnet\shared\Microsoft.NETCore.App\6.0.15
TpTrace Information: 0 : 7156, 1, 2023/11/30, 12:11:55.968, 20674687962578, testhost.dll, DefaultEngineInvoker.Invoke: Testhost process started with args :[--port, 49986],[--endpoint, 127.0.0.1:049986],[--role, client],[--parentprocessid, 25252],[--diag, C:\Users\Владимир\Desktop\Политех\Инфа\ООП лабы 3 семак\Готовые лабы\Лаба 9\Код\Laba_9\bin\Debug\net6.0\fine-code-coverage\coverage-tool-output\diagnostics.host.23-11-30_12-11-55_79548_7.log],[--tracelevel, 4],[--datacollectionport, 49985],[--telemetryoptedin, false]
TpTrace Information: 0 : 7156, 1, 2023/11/30, 12:11:55.968, 20674687969407, testhost.dll, Setting up debug trace listener.
TpTrace Verbose: 0 : 7156, 1, 2023/11/30, 12:11:55.969, 20674687970353, testhost.dll, TestPlatformTraceListener.Setup: Replacing listener System.Diagnostics.DefaultTraceListener with TestHostTraceListener.
TpTrace Verbose: 0 : 7156, 1, 2023/11/30, 12:11:55.969, 20674687970594, testhost.dll, TestPlatformTraceListener.Setup: Added test platform trace listener.
TpTrace Information: 0 : 7156, 1, 2023/11/30, 12:11:55.969, 20674687972652, testhost.dll, DefaultEngineInvoker.SetParentProcessExitCallback: Monitoring parent process with id: '25252'
TpTrace Information: 0 : 7156, 1, 2023/11/30, 12:11:55.973, 20674688016463, testhost.dll, DefaultEngineInvoker.GetConnectionInfo: Initialize communication on endpoint address: '127.0.0.1:049986'
TpTrace Information: 0 : 7156, 1, 2023/11/30, 12:11:55.984, 20674688128628, testhost.dll, SocketClient.Start: connecting to server endpoint: 127.0.0.1:049986
TpTrace Information: 0 : 7156, 1, 2023/11/30, 12:11:55.990, 20674688187751, testhost.dll, DefaultEngineInvoker.ConnectToDatacollector: Connecting to datacollector, port: 49985
TpTrace Information: 0 : 7156, 10, 2023/11/30, 12:11:55.992, 20674688201002, testhost.dll, SocketClient.OnServerConnected: connected to server endpoint: 127.0.0.1:049986
TpTrace Information: 0 : 7156, 1, 2023/11/30, 12:11:55.994, 20674688219925, testhost.dll, Trying to connect to server on socket : 127.0.0.1:49985 
TpTrace Verbose: 0 : 7156, 1, 2023/11/30, 12:11:55.994, 20674688222153, testhost.dll, SocketCommunicationManager : SetupClientAsync : Attempting to connect to the server.
TpTrace Verbose: 0 : 7156, 10, 2023/11/30, 12:11:55.995, 20674688232164, testhost.dll, MulticastDelegateUtilities.SafeInvoke: SocketClient: ServerConnected: Invoking callback 1/1 for Microsoft.VisualStudio.TestPlatform.CommunicationUtilities.TestRequestHandler., took 0 ms.
TpTrace Verbose: 0 : 7156, 10, 2023/11/30, 12:11:55.995, 20674688232758, testhost.dll, Connected to server, and starting MessageLoopAsync
TpTrace Information: 0 : 7156, 9, 2023/11/30, 12:11:55.995, 20674688237409, testhost.dll, Connected to the server successfully 
TpTrace Information: 0 : 7156, 9, 2023/11/30, 12:11:55.995, 20674688238193, testhost.dll, Using the buffer size of 16384 bytes
TpTrace Verbose: 0 : 7156, 1, 2023/11/30, 12:11:55.996, 20674688239744, testhost.dll, SocketCommunicationManager.WaitForServerConnection took: 0 ms, with 90000 ms timeout, and finished with True.
TpTrace Information: 0 : 7156, 1, 2023/11/30, 12:11:55.996, 20674688240788, testhost.dll, DefaultEngineInvoker.Invoke: Start Request Processing.
TpTrace Information: 0 : 7156, 13, 2023/11/30, 12:11:55.996, 20674688248376, testhost.dll, DefaultEngineInvoker.StartProcessingAsync: Connected to vstest.console, Starting process requests.
TpTrace Verbose: 0 : 7156, 10, 2023/11/30, 12:11:56.001, 20674688289843, testhost.dll, TcpClientExtensions.MessageLoopAsync: Polling on remoteEndPoint: [::ffff:127.0.0.1]:49986 localEndPoint: [::ffff:127.0.0.1]:49987
TpTrace Verbose: 0 : 7156, 10, 2023/11/30, 12:11:56.001, 20674688293089, testhost.dll, TcpClientExtensions.MessageLoopAsync: NotifyDataAvailable remoteEndPoint: [::ffff:127.0.0.1]:49986 localEndPoint: [::ffff:127.0.0.1]:49987
TpTrace Information: 0 : 7156, 10, 2023/11/30, 12:11:56.004, 20674688324182, testhost.dll, TestRequestHandler.OnMessageReceived: received message: (ProtocolVersion) -> {"MessageType":"ProtocolVersion","Payload":7}
TpTrace Verbose: 0 : 7156, 10, 2023/11/30, 12:11:56.161, 20674689897843, testhost.dll, TestRequestHandler.SendData: sending data from testhost: {"Version":7,"MessageType":"TestSession.Message","Payload":{"MessageLevel":0,"Message":"Ведение журналов диагностики TestHost в файле: C:\\Users\\Владимир\\Desktop\\Политех\\Инфа\\ООП лабы 3 семак\\Готовые лабы\\Лаба 9\\Код\\Laba_9\\bin\\Debug\\net6.0\\fine-code-coverage\\coverage-tool-output\\diagnostics.host.23-11-30_12-11-55_79548_7.log"}}
TpTrace Verbose: 0 : 7156, 10, 2023/11/30, 12:11:56.161, 20674689899379, testhost.dll, MulticastDelegateUtilities.SafeInvoke: LengthPrefixCommunicationChannel: MessageReceived: Invoking callback 1/1 for Microsoft.VisualStudio.TestPlatform.CommunicationUtilities.TestRequestHandler., took 159 ms.
TpTrace Verbose: 0 : 7156, 10, 2023/11/30, 12:11:56.162, 20674689899634, testhost.dll, TcpClientExtensions.MessageLoopAsync: Polling on remoteEndPoint: [::ffff:127.0.0.1]:49986 localEndPoint: [::ffff:127.0.0.1]:49987
TpTrace Verbose: 0 : 7156, 10, 2023/11/30, 12:11:56.178, 20674690059657, testhost.dll, TcpClientExtensions.MessageLoopAsync: NotifyDataAvailable remoteEndPoint: [::ffff:127.0.0.1]:49986 localEndPoint: [::ffff:127.0.0.1]:49987
TpTrace Information: 0 : 7156, 10, 2023/11/30, 12:11:56.178, 20674690066474, testhost.dll, TestRequestHandler.OnMessageReceived: received message: (TestExecution.StartWithSources) -> {"Version":7,"MessageType":"TestExecution.StartWithSources","Payload":{"AdapterSourceMap":{"_none_":["C:\\Users\\Владимир\\Desktop\\Политех\\Инфа\\ООП лабы 3 семак\\Готовые лабы\\Лаба 9\\Код\\Laba_9\\bin\\Debug\\net6.0\\fine-code-coverage\\build-output\\Laba_9.dll"]},"RunSettings":"<RunSettings>\r\n  <RunConfiguration>\r\n    <ResultsDirectory>C:\\Users\\Владимир\\Desktop\\Политех\\Инфа\\ООП лабы 3 семак\\Готовые лабы\\Лаба 9\\Код\\Laba_9\\bin\\Debug\\net6.0\\fine-code-coverage\\coverage-tool-output</ResultsDirectory>\r\n    <TargetFrameworkVersion>.NETCoreApp,Version=v6.0</TargetFrameworkVersion>\r\n    <DesignMode>False</DesignMode>\r\n    <CollectSourceInformation>False</CollectSourceInformation>\r\n  </RunConfiguration>\r\n  <LoggerRunSettings>\r\n    <Loggers>\r\n      <Logger friendlyName=\"blame\" enabled=\"True\" />\r\n      <Logger friendlyName=\"Console\" uri=\"logger://microsoft/TestPlatform/ConsoleLogger/v1\" assemblyQualifiedName=\"Microsoft.VisualStudio.TestPlatform.CommandLine.Internal.ConsoleLogger, vstest.console, Version=15.0.0.0, Culture=neutral, PublicKeyToken=b03f5f7f11d50a3a\" codeBase=\"C:\\Program Files\\dotnet\\sdk\\7.0.202\\vstest.console.dll\" enabled=\"True\" />\r\n    </Loggers>\r\n  </LoggerRunSettings>\r\n  <DataCollectionRunSettings>\r\n    <DataCollectors>\r\n      <DataCollector friendlyName=\"blame\" enabled=\"True\">\r\n        <Configuration>\r\n          <ResultsDirectory>C:\\Users\\Владимир\\Desktop\\Политех\\Инфа\\ООП лабы 3 семак\\Готовые лабы\\Лаба 9\\Код\\Laba_9\\bin\\Debug\\net6.0\\fine-code-coverage\\coverage-tool-output</ResultsDirectory>\r\n        </Configuration>\r\n      </DataCollector>\r\n    </DataCollectors>\r\n  </DataCollectionRunSettings>\r\n</RunSettings>","TestExecutionContext":{"FrequencyOfRunStatsChangeEvent":10,"RunStatsChangeEventTimeout":"00:00:01.5000000","InIsolation":false,"KeepAlive":false,"AreTestCaseLevelEventsRequired":false,"IsDebug":false,"TestCaseFilter":null,"FilterOptions":null},"Package":null}}
TpTrace Verbose: 0 : 7156, 10, 2023/11/30, 12:11:56.220, 20674690484655, testhost.dll, MulticastDelegateUtilities.SafeInvoke: LengthPrefixCommunicationChannel: MessageReceived: Invoking callback 1/1 for Microsoft.VisualStudio.TestPlatform.CommunicationUtilities.TestRequestHandler., took 41 ms.
TpTrace Verbose: 0 : 7156, 10, 2023/11/30, 12:11:56.220, 20674690486263, testhost.dll, TcpClientExtensions.MessageLoopAsync: Polling on remoteEndPoint: [::ffff:127.0.0.1]:49986 localEndPoint: [::ffff:127.0.0.1]:49987
TpTrace Information: 0 : 7156, 4, 2023/11/30, 12:11:56.221, 20674690491371, testhost.dll, TestRequestHandler.OnMessageReceived: Running job 'TestExecution.StartWithSources'.
TpTrace Verbose: 0 : 7156, 4, 2023/11/30, 12:11:56.267, 20674690953116, testhost.dll, TestPluginCache.DiscoverTestExtensions: finding test extensions in assemblies ends with: TestAdapter.dll TPluginInfo: Microsoft.VisualStudio.TestPlatform.Common.ExtensionFramework.Utilities.TestSettingsProviderPluginInformation TExtension: Microsoft.VisualStudio.TestPlatform.ObjectModel.Adapter.ISettingsProvider
TpTrace Verbose: 0 : 7156, 4, 2023/11/30, 12:11:56.269, 20674690974093, testhost.dll, TestPluginCache.GetExtensionPaths: Filtered extension paths: 
TpTrace Verbose: 0 : 7156, 4, 2023/11/30, 12:11:56.269, 20674690974781, testhost.dll, TestPluginCache.GetExtensionPaths: Added default extension paths: 
TpTrace Verbose: 0 : 7156, 4, 2023/11/30, 12:11:56.269, 20674690974961, testhost.dll, TestPluginCache.GetExtensionPaths: Added unfilterableExtensionPaths: 
TpTrace Information: 0 : 7156, 4, 2023/11/30, 12:11:56.270, 20674690985143, testhost.dll, AssemblyResolver.ctor: Creating AssemblyResolver with searchDirectories C:\Program Files\dotnet\sdk\7.0.202
TpTrace Verbose: 0 : 7156, 4, 2023/11/30, 12:11:56.271, 20674690995512, testhost.dll, TestPluginCache.DiscoverTestExtensions: Discovering the extensions using extension path.
TpTrace Verbose: 0 : 7156, 4, 2023/11/30, 12:11:56.271, 20674690996296, testhost.dll, TestPluginCache.GetExtensionPaths: Filtered extension paths: 
TpTrace Verbose: 0 : 7156, 4, 2023/11/30, 12:11:56.271, 20674690996507, testhost.dll, TestPluginCache.GetExtensionPaths: Added default extension paths: 
TpTrace Verbose: 0 : 7156, 4, 2023/11/30, 12:11:56.271, 20674690996648, testhost.dll, TestPluginCache.GetExtensionPaths: Added unfilterableExtensionPaths: 
TpTrace Verbose: 0 : 7156, 4, 2023/11/30, 12:11:56.271, 20674690997102, testhost.dll, TestPluginCache.DiscoverTestExtensions: Discovering the extensions using allExtensionPaths: 
TpTrace Information: 0 : 7156, 4, 2023/11/30, 12:11:56.276, 20674691045700, testhost.dll, AssemblyResolver.OnResolve: Microsoft.VisualStudio.TestTools.CppUnitTestFramework.CppUnitTestExtension: Resolving assembly.
TpTrace Information: 0 : 7156, 4, 2023/11/30, 12:11:56.276, 20674691046866, testhost.dll, AssemblyResolver.OnResolve: Microsoft.VisualStudio.TestTools.CppUnitTestFramework.CppUnitTestExtension: Searching in: 'C:\Program Files\dotnet\sdk\7.0.202'.
TpTrace Information: 0 : 7156, 4, 2023/11/30, 12:11:56.276, 20674691048984, testhost.dll, AssemblyResolver.OnResolve: Microsoft.VisualStudio.TestTools.CppUnitTestFramework.CppUnitTestExtension: Assembly path does not exist: 'C:\Program Files\dotnet\sdk\7.0.202\Microsoft.VisualStudio.TestTools.CppUnitTestFramework.CppUnitTestExtension.dll', returning.
TpTrace Information: 0 : 7156, 4, 2023/11/30, 12:11:56.277, 20674691049792, testhost.dll, AssemblyResolver.OnResolve: Microsoft.VisualStudio.TestTools.CppUnitTestFramework.CppUnitTestExtension: Assembly path does not exist: 'C:\Program Files\dotnet\sdk\7.0.202\Microsoft.VisualStudio.TestTools.CppUnitTestFramework.CppUnitTestExtension.exe', returning.
TpTrace Information: 0 : 7156, 4, 2023/11/30, 12:11:56.277, 20674691050080, testhost.dll, AssemblyResolver.OnResolve: Microsoft.VisualStudio.TestTools.CppUnitTestFramework.CppUnitTestExtension: Failed to load assembly.
TpTrace Verbose: 0 : 7156, 4, 2023/11/30, 12:11:56.277, 20674691053636, testhost.dll, CurrentDomainAssemblyResolve: Resolving assembly 'Microsoft.VisualStudio.TestTools.CppUnitTestFramework.CppUnitTestExtension'.
TpTrace Information: 0 : 7156, 4, 2023/11/30, 12:11:56.277, 20674691054495, testhost.dll, AssemblyResolver.OnResolve: Microsoft.VisualStudio.TestTools.CppUnitTestFramework.CppUnitTestExtension: Resolving assembly.
TpTrace Information: 0 : 7156, 4, 2023/11/30, 12:11:56.277, 20674691054851, testhost.dll, AssemblyResolver.OnResolve: Microsoft.VisualStudio.TestTools.CppUnitTestFramework.CppUnitTestExtension: Resolved from cache.
TpTrace Verbose: 0 : 7156, 4, 2023/11/30, 12:11:56.277, 20674691055440, testhost.dll, CurrentDomainAssemblyResolve: Resolving assembly 'Microsoft.VisualStudio.TestTools.CppUnitTestFramework.CppUnitTestExtension'.
TpTrace Verbose: 0 : 7156, 4, 2023/11/30, 12:11:56.277, 20674691055745, testhost.dll, CurrentDomainAssemblyResolve: Failed to resolve assembly 'Microsoft.VisualStudio.TestTools.CppUnitTestFramework.CppUnitTestExtension'.
TpTrace Verbose: 0 : 7156, 4, 2023/11/30, 12:11:56.279, 20674691069561, testhost.dll, CurrentDomainAssemblyResolve: Failed to resolve assembly 'Microsoft.VisualStudio.TestTools.CppUnitTestFramework.CppUnitTestExtension'.
TpTrace Warning: 0 : 7156, 4, 2023/11/30, 12:11:56.301, 20674691295785, testhost.dll, TestPluginDiscoverer: Failed to load extensions from file 'Microsoft.VisualStudio.TestTools.CppUnitTestFramework.CppUnitTestExtension.dll'.  Skipping test extension scan for this file.  Error: System.IO.FileNotFoundException: Could not load file or assembly 'Microsoft.VisualStudio.TestTools.CppUnitTestFramework.CppUnitTestExtension, Culture=neutral, PublicKeyToken=null'. Не удается найти указанный файл.
File name: 'Microsoft.VisualStudio.TestTools.CppUnitTestFramework.CppUnitTestExtension, Culture=neutral, PublicKeyToken=null'
 ---> System.IO.FileNotFoundException: Could not load file or assembly 'Microsoft.VisualStudio.TestTools.CppUnitTestFramework.CppUnitTestExtension, Culture=neutral, PublicKeyToken=null'. Не удается найти указанный файл.
File name: 'Microsoft.VisualStudio.TestTools.CppUnitTestFramework.CppUnitTestExtension, Culture=neutral, PublicKeyToken=null'
   at System.Reflection.RuntimeAssembly.InternalLoad(ObjectHandleOnStack assemblyName, ObjectHandleOnStack requestingAssembly, StackCrawlMarkHandle stackMark, Boolean throwOnFileNotFound, ObjectHandleOnStack assemblyLoadContext, ObjectHandleOnStack retAssembly)
   at System.Reflection.RuntimeAssembly.InternalLoad(AssemblyName assemblyName, RuntimeAssembly requestingAssembly, StackCrawlMark& stackMark, Boolean throwOnFileNotFound, AssemblyLoadContext assemblyLoadContext)
   at System.Reflection.Assembly.Load(AssemblyName assemblyRef)
   at Microsoft.VisualStudio.TestPlatform.Common.ExtensionFramework.TestPluginCache.CurrentDomainAssemblyResolve(Object sender, AssemblyResolveEventArgs args)
   at Microsoft.VisualStudio.TestPlatform.PlatformAbstractions.PlatformAssemblyResolver.AssemblyResolverEvent(Object sender, Object eventArgs)
   at System.Runtime.Loader.AssemblyLoadContext.GetFirstResolvedAssemblyFromResolvingEvent(AssemblyName assemblyName)
   at System.Runtime.Loader.AssemblyLoadContext.ResolveUsingEvent(AssemblyName assemblyName)
   at System.Runtime.Loader.AssemblyLoadContext.ResolveUsingResolvingEvent(IntPtr gchManagedAssemblyLoadContext, AssemblyName assemblyName)
   at System.Reflection.RuntimeAssembly.InternalLoad(ObjectHandleOnStack assemblyName, ObjectHandleOnStack requestingAssembly, StackCrawlMarkHandle stackMark, Boolean throwOnFileNotFound, ObjectHandleOnStack assemblyLoadContext, ObjectHandleOnStack retAssembly)
   at System.Reflection.RuntimeAssembly.InternalLoad(AssemblyName assemblyName, RuntimeAssembly requestingAssembly, StackCrawlMark& stackMark, Boolean throwOnFileNotFound, AssemblyLoadContext assemblyLoadContext)
   at System.Reflection.Assembly.Load(AssemblyName assemblyRef)
   at Microsoft.VisualStudio.TestPlatform.Common.ExtensionFramework.TestPluginDiscoverer.GetTestExtensionsFromFiles[TPluginInfo,TExtension](String[] files, Dictionary`2 pluginInfos)
TpTrace Information: 0 : 7156, 4, 2023/11/30, 12:11:56.301, 20674691297119, testhost.dll, AssemblyResolver.OnResolve: Microsoft.VisualStudio.TestPlatform.Extensions.MSAppContainerAdapter: Resolving assembly.
TpTrace Information: 0 : 7156, 4, 2023/11/30, 12:11:56.301, 20674691297975, testhost.dll, AssemblyResolver.OnResolve: Microsoft.VisualStudio.TestPlatform.Extensions.MSAppContainerAdapter: Searching in: 'C:\Program Files\dotnet\sdk\7.0.202'.
TpTrace Information: 0 : 7156, 4, 2023/11/30, 12:11:56.301, 20674691298628, testhost.dll, AssemblyResolver.OnResolve: Microsoft.VisualStudio.TestPlatform.Extensions.MSAppContainerAdapter: Assembly path does not exist: 'C:\Program Files\dotnet\sdk\7.0.202\Microsoft.VisualStudio.TestPlatform.Extensions.MSAppContainerAdapter.dll', returning.
TpTrace Information: 0 : 7156, 4, 2023/11/30, 12:11:56.301, 20674691299042, testhost.dll, AssemblyResolver.OnResolve: Microsoft.VisualStudio.TestPlatform.Extensions.MSAppContainerAdapter: Assembly path does not exist: 'C:\Program Files\dotnet\sdk\7.0.202\Microsoft.VisualStudio.TestPlatform.Extensions.MSAppContainerAdapter.exe', returning.
TpTrace Information: 0 : 7156, 4, 2023/11/30, 12:11:56.301, 20674691299207, testhost.dll, AssemblyResolver.OnResolve: Microsoft.VisualStudio.TestPlatform.Extensions.MSAppContainerAdapter: Failed to load assembly.
TpTrace Verbose: 0 : 7156, 4, 2023/11/30, 12:11:56.301, 20674691299392, testhost.dll, CurrentDomainAssemblyResolve: Resolving assembly 'Microsoft.VisualStudio.TestPlatform.Extensions.MSAppContainerAdapter'.
TpTrace Information: 0 : 7156, 4, 2023/11/30, 12:11:56.302, 20674691299679, testhost.dll, AssemblyResolver.OnResolve: Microsoft.VisualStudio.TestPlatform.Extensions.MSAppContainerAdapter: Resolving assembly.
TpTrace Information: 0 : 7156, 4, 2023/11/30, 12:11:56.302, 20674691299836, testhost.dll, AssemblyResolver.OnResolve: Microsoft.VisualStudio.TestPlatform.Extensions.MSAppContainerAdapter: Resolved from cache.
TpTrace Verbose: 0 : 7156, 4, 2023/11/30, 12:11:56.302, 20674691300055, testhost.dll, CurrentDomainAssemblyResolve: Resolving assembly 'Microsoft.VisualStudio.TestPlatform.Extensions.MSAppContainerAdapter'.
TpTrace Verbose: 0 : 7156, 4, 2023/11/30, 12:11:56.302, 20674691300207, testhost.dll, CurrentDomainAssemblyResolve: Failed to resolve assembly 'Microsoft.VisualStudio.TestPlatform.Extensions.MSAppContainerAdapter'.
TpTrace Verbose: 0 : 7156, 4, 2023/11/30, 12:11:56.302, 20674691301237, testhost.dll, CurrentDomainAssemblyResolve: Failed to resolve assembly 'Microsoft.VisualStudio.TestPlatform.Extensions.MSAppContainerAdapter'.
TpTrace Warning: 0 : 7156, 4, 2023/11/30, 12:11:56.302, 20674691303168, testhost.dll, TestPluginDiscoverer: Failed to load extensions from file 'Microsoft.VisualStudio.TestPlatform.Extensions.MSAppContainerAdapter.dll'.  Skipping test extension scan for this file.  Error: System.IO.FileNotFoundException: Could not load file or assembly 'Microsoft.VisualStudio.TestPlatform.Extensions.MSAppContainerAdapter, Culture=neutral, PublicKeyToken=null'. Не удается найти указанный файл.
File name: 'Microsoft.VisualStudio.TestPlatform.Extensions.MSAppContainerAdapter, Culture=neutral, PublicKeyToken=null'
 ---> System.IO.FileNotFoundException: Could not load file or assembly 'Microsoft.VisualStudio.TestPlatform.Extensions.MSAppContainerAdapter, Culture=neutral, PublicKeyToken=null'. Не удается найти указанный файл.
File name: 'Microsoft.VisualStudio.TestPlatform.Extensions.MSAppContainerAdapter, Culture=neutral, PublicKeyToken=null'
   at System.Reflection.RuntimeAssembly.InternalLoad(ObjectHandleOnStack assemblyName, ObjectHandleOnStack requestingAssembly, StackCrawlMarkHandle stackMark, Boolean throwOnFileNotFound, ObjectHandleOnStack assemblyLoadContext, ObjectHandleOnStack retAssembly)
   at System.Reflection.RuntimeAssembly.InternalLoad(AssemblyName assemblyName, RuntimeAssembly requestingAssembly, StackCrawlMark& stackMark, Boolean throwOnFileNotFound, AssemblyLoadContext assemblyLoadContext)
   at System.Reflection.Assembly.Load(AssemblyName assemblyRef)
   at Microsoft.VisualStudio.TestPlatform.Common.ExtensionFramework.TestPluginCache.CurrentDomainAssemblyResolve(Object sender, AssemblyResolveEventArgs args)
   at Microsoft.VisualStudio.TestPlatform.PlatformAbstractions.PlatformAssemblyResolver.AssemblyResolverEvent(Object sender, Object eventArgs)
   at System.Runtime.Loader.AssemblyLoadContext.GetFirstResolvedAssemblyFromResolvingEvent(AssemblyName assemblyName)
   at System.Runtime.Loader.AssemblyLoadContext.ResolveUsingEvent(AssemblyName assemblyName)
   at System.Runtime.Loader.AssemblyLoadContext.ResolveUsingResolvingEvent(IntPtr gchManagedAssemblyLoadContext, AssemblyName assemblyName)
   at System.Reflection.RuntimeAssembly.InternalLoad(ObjectHandleOnStack assemblyName, ObjectHandleOnStack requestingAssembly, StackCrawlMarkHandle stackMark, Boolean throwOnFileNotFound, ObjectHandleOnStack assemblyLoadContext, ObjectHandleOnStack retAssembly)
   at System.Reflection.RuntimeAssembly.InternalLoad(AssemblyName assemblyName, RuntimeAssembly requestingAssembly, StackCrawlMark& stackMark, Boolean throwOnFileNotFound, AssemblyLoadContext assemblyLoadContext)
   at System.Reflection.Assembly.Load(AssemblyName assemblyRef)
   at Microsoft.VisualStudio.TestPlatform.Common.ExtensionFramework.TestPluginDiscoverer.GetTestExtensionsFromFiles[TPluginInfo,TExtension](String[] files, Dictionary`2 pluginInfos)
TpTrace Verbose: 0 : 7156, 4, 2023/11/30, 12:11:56.304, 20674691324671, testhost.dll, TestPluginCache: Discovered the extensions using extension path ''.
TpTrace Verbose: 0 : 7156, 4, 2023/11/30, 12:11:56.304, 20674691328590, testhost.dll, TestPluginCache: Discoverers are ''.
TpTrace Verbose: 0 : 7156, 4, 2023/11/30, 12:11:56.304, 20674691329102, testhost.dll, TestPluginCache: Executors are ''.
TpTrace Verbose: 0 : 7156, 4, 2023/11/30, 12:11:56.304, 20674691329411, testhost.dll, TestPluginCache: Executors2 are ''.
TpTrace Verbose: 0 : 7156, 4, 2023/11/30, 12:11:56.305, 20674691329918, testhost.dll, TestPluginCache: Setting providers are ''.
TpTrace Verbose: 0 : 7156, 4, 2023/11/30, 12:11:56.305, 20674691330253, testhost.dll, TestPluginCache: Loggers are ''.
TpTrace Verbose: 0 : 7156, 4, 2023/11/30, 12:11:56.305, 20674691330545, testhost.dll, TestPluginCache: TestHosts are ''.
TpTrace Verbose: 0 : 7156, 4, 2023/11/30, 12:11:56.305, 20674691330823, testhost.dll, TestPluginCache: DataCollectors are ''.
TpTrace Verbose: 0 : 7156, 4, 2023/11/30, 12:11:56.361, 20674691889951, testhost.dll, MulticastDelegateUtilities.SafeInvoke: TestCaseEventsHandler.RaiseSessionStart: Invoking callbacks was skipped because there are no subscribers.
TpTrace Information: 0 : 7156, 4, 2023/11/30, 12:11:56.365, 20674691932548, testhost.dll, TestDiscoveryManager: Discovering tests from sources C:\Users\Владимир\Desktop\Политех\Инфа\ООП лабы 3 семак\Готовые лабы\Лаба 9\Код\Laba_9\bin\Debug\net6.0\fine-code-coverage\build-output\Laba_9.dll
TpTrace Verbose: 0 : 7156, 4, 2023/11/30, 12:11:56.368, 20674691966124, testhost.dll, TestPluginCache.DiscoverTestExtensions: finding test extensions in assemblies ends with: TestAdapter.dll TPluginInfo: Microsoft.VisualStudio.TestPlatform.Common.ExtensionFramework.Utilities.TestDiscovererPluginInformation TExtension: Microsoft.VisualStudio.TestPlatform.ObjectModel.Adapter.ITestDiscoverer
TpTrace Verbose: 0 : 7156, 4, 2023/11/30, 12:11:56.368, 20674691968554, testhost.dll, TestPluginCache.GetExtensionPaths: Filtered extension paths: 
TpTrace Verbose: 0 : 7156, 4, 2023/11/30, 12:11:56.368, 20674691968885, testhost.dll, TestPluginCache.GetExtensionPaths: Added default extension paths: 
TpTrace Verbose: 0 : 7156, 4, 2023/11/30, 12:11:56.368, 20674691969056, testhost.dll, TestPluginCache.GetExtensionPaths: Added unfilterableExtensionPaths: 
TpTrace Information: 0 : 7156, 4, 2023/11/30, 12:11:56.369, 20674691973103, testhost.dll, AssemblyResolver.AddSearchDirectories: Adding more searchDirectories C:\Program Files\dotnet\sdk\7.0.202
TpTrace Verbose: 0 : 7156, 4, 2023/11/30, 12:11:56.369, 20674691973723, testhost.dll, TestPluginCache.DiscoverTestExtensions: Discovering the extensions using extension path.
TpTrace Verbose: 0 : 7156, 4, 2023/11/30, 12:11:56.369, 20674691973996, testhost.dll, TestPluginCache.GetExtensionPaths: Filtered extension paths: 
TpTrace Verbose: 0 : 7156, 4, 2023/11/30, 12:11:56.369, 20674691974201, testhost.dll, TestPluginCache.GetExtensionPaths: Added default extension paths: 
TpTrace Verbose: 0 : 7156, 4, 2023/11/30, 12:11:56.369, 20674691974360, testhost.dll, TestPluginCache.GetExtensionPaths: Added unfilterableExtensionPaths: 
TpTrace Verbose: 0 : 7156, 4, 2023/11/30, 12:11:56.369, 20674691974542, testhost.dll, TestPluginCache.DiscoverTestExtensions: Discovering the extensions using allExtensionPaths: 
TpTrace Information: 0 : 7156, 4, 2023/11/30, 12:11:56.369, 20674691975402, testhost.dll, AssemblyResolver.OnResolve: Microsoft.VisualStudio.TestTools.CppUnitTestFramework.CppUnitTestExtension: Resolving assembly.
TpTrace Information: 0 : 7156, 4, 2023/11/30, 12:11:56.369, 20674691975620, testhost.dll, AssemblyResolver.OnResolve: Microsoft.VisualStudio.TestTools.CppUnitTestFramework.CppUnitTestExtension: Resolved from cache.
TpTrace Verbose: 0 : 7156, 4, 2023/11/30, 12:11:56.369, 20674691975811, testhost.dll, CurrentDomainAssemblyResolve: Resolving assembly 'Microsoft.VisualStudio.TestTools.CppUnitTestFramework.CppUnitTestExtension'.
TpTrace Information: 0 : 7156, 4, 2023/11/30, 12:11:56.369, 20674691976082, testhost.dll, AssemblyResolver.OnResolve: Microsoft.VisualStudio.TestTools.CppUnitTestFramework.CppUnitTestExtension: Resolving assembly.
TpTrace Information: 0 : 7156, 4, 2023/11/30, 12:11:56.369, 20674691976251, testhost.dll, AssemblyResolver.OnResolve: Microsoft.VisualStudio.TestTools.CppUnitTestFramework.CppUnitTestExtension: Resolved from cache.
TpTrace Verbose: 0 : 7156, 4, 2023/11/30, 12:11:56.369, 20674691976463, testhost.dll, CurrentDomainAssemblyResolve: Resolving assembly 'Microsoft.VisualStudio.TestTools.CppUnitTestFramework.CppUnitTestExtension'.
TpTrace Verbose: 0 : 7156, 4, 2023/11/30, 12:11:56.369, 20674691976623, testhost.dll, CurrentDomainAssemblyResolve: Failed to resolve assembly 'Microsoft.VisualStudio.TestTools.CppUnitTestFramework.CppUnitTestExtension'.
TpTrace Verbose: 0 : 7156, 4, 2023/11/30, 12:11:56.369, 20674691977796, testhost.dll, CurrentDomainAssemblyResolve: Failed to resolve assembly 'Microsoft.VisualStudio.TestTools.CppUnitTestFramework.CppUnitTestExtension'.
TpTrace Warning: 0 : 7156, 4, 2023/11/30, 12:11:56.370, 20674691980248, testhost.dll, TestPluginDiscoverer: Failed to load extensions from file 'Microsoft.VisualStudio.TestTools.CppUnitTestFramework.CppUnitTestExtension.dll'.  Skipping test extension scan for this file.  Error: System.IO.FileNotFoundException: Could not load file or assembly 'Microsoft.VisualStudio.TestTools.CppUnitTestFramework.CppUnitTestExtension, Culture=neutral, PublicKeyToken=null'. Не удается найти указанный файл.
File name: 'Microsoft.VisualStudio.TestTools.CppUnitTestFramework.CppUnitTestExtension, Culture=neutral, PublicKeyToken=null'
 ---> System.IO.FileNotFoundException: Could not load file or assembly 'Microsoft.VisualStudio.TestTools.CppUnitTestFramework.CppUnitTestExtension, Culture=neutral, PublicKeyToken=null'. Не удается найти указанный файл.
File name: 'Microsoft.VisualStudio.TestTools.CppUnitTestFramework.CppUnitTestExtension, Culture=neutral, PublicKeyToken=null'
   at System.Reflection.RuntimeAssembly.InternalLoad(ObjectHandleOnStack assemblyName, ObjectHandleOnStack requestingAssembly, StackCrawlMarkHandle stackMark, Boolean throwOnFileNotFound, ObjectHandleOnStack assemblyLoadContext, ObjectHandleOnStack retAssembly)
   at System.Reflection.RuntimeAssembly.InternalLoad(AssemblyName assemblyName, RuntimeAssembly requestingAssembly, StackCrawlMark& stackMark, Boolean throwOnFileNotFound, AssemblyLoadContext assemblyLoadContext)
   at System.Reflection.Assembly.Load(AssemblyName assemblyRef)
   at Microsoft.VisualStudio.TestPlatform.Common.ExtensionFramework.TestPluginCache.CurrentDomainAssemblyResolve(Object sender, AssemblyResolveEventArgs args)
   at Microsoft.VisualStudio.TestPlatform.PlatformAbstractions.PlatformAssemblyResolver.AssemblyResolverEvent(Object sender, Object eventArgs)
   at System.Runtime.Loader.AssemblyLoadContext.GetFirstResolvedAssemblyFromResolvingEvent(AssemblyName assemblyName)
   at System.Runtime.Loader.AssemblyLoadContext.ResolveUsingEvent(AssemblyName assemblyName)
   at System.Runtime.Loader.AssemblyLoadContext.ResolveUsingResolvingEvent(IntPtr gchManagedAssemblyLoadContext, AssemblyName assemblyName)
   at System.Reflection.RuntimeAssembly.InternalLoad(ObjectHandleOnStack assemblyName, ObjectHandleOnStack requestingAssembly, StackCrawlMarkHandle stackMark, Boolean throwOnFileNotFound, ObjectHandleOnStack assemblyLoadContext, ObjectHandleOnStack retAssembly)
   at System.Reflection.RuntimeAssembly.InternalLoad(AssemblyName assemblyName, RuntimeAssembly requestingAssembly, StackCrawlMark& stackMark, Boolean throwOnFileNotFound, AssemblyLoadContext assemblyLoadContext)
   at System.Reflection.Assembly.Load(AssemblyName assemblyRef)
   at Microsoft.VisualStudio.TestPlatform.Common.ExtensionFramework.TestPluginDiscoverer.GetTestExtensionsFromFiles[TPluginInfo,TExtension](String[] files, Dictionary`2 pluginInfos)
TpTrace Information: 0 : 7156, 4, 2023/11/30, 12:11:56.370, 20674691980959, testhost.dll, AssemblyResolver.OnResolve: Microsoft.VisualStudio.TestPlatform.Extensions.MSAppContainerAdapter: Resolving assembly.
TpTrace Information: 0 : 7156, 4, 2023/11/30, 12:11:56.370, 20674691981231, testhost.dll, AssemblyResolver.OnResolve: Microsoft.VisualStudio.TestPlatform.Extensions.MSAppContainerAdapter: Resolved from cache.
TpTrace Verbose: 0 : 7156, 4, 2023/11/30, 12:11:56.370, 20674691981429, testhost.dll, CurrentDomainAssemblyResolve: Resolving assembly 'Microsoft.VisualStudio.TestPlatform.Extensions.MSAppContainerAdapter'.
TpTrace Information: 0 : 7156, 4, 2023/11/30, 12:11:56.370, 20674691981719, testhost.dll, AssemblyResolver.OnResolve: Microsoft.VisualStudio.TestPlatform.Extensions.MSAppContainerAdapter: Resolving assembly.
TpTrace Information: 0 : 7156, 4, 2023/11/30, 12:11:56.370, 20674691981937, testhost.dll, AssemblyResolver.OnResolve: Microsoft.VisualStudio.TestPlatform.Extensions.MSAppContainerAdapter: Resolved from cache.
TpTrace Verbose: 0 : 7156, 4, 2023/11/30, 12:11:56.370, 20674691982144, testhost.dll, CurrentDomainAssemblyResolve: Resolving assembly 'Microsoft.VisualStudio.TestPlatform.Extensions.MSAppContainerAdapter'.
TpTrace Verbose: 0 : 7156, 4, 2023/11/30, 12:11:56.370, 20674691982413, testhost.dll, CurrentDomainAssemblyResolve: Failed to resolve assembly 'Microsoft.VisualStudio.TestPlatform.Extensions.MSAppContainerAdapter'.
TpTrace Verbose: 0 : 7156, 4, 2023/11/30, 12:11:56.370, 20674691983313, testhost.dll, CurrentDomainAssemblyResolve: Failed to resolve assembly 'Microsoft.VisualStudio.TestPlatform.Extensions.MSAppContainerAdapter'.
TpTrace Warning: 0 : 7156, 4, 2023/11/30, 12:11:56.370, 20674691985250, testhost.dll, TestPluginDiscoverer: Failed to load extensions from file 'Microsoft.VisualStudio.TestPlatform.Extensions.MSAppContainerAdapter.dll'.  Skipping test extension scan for this file.  Error: System.IO.FileNotFoundException: Could not load file or assembly 'Microsoft.VisualStudio.TestPlatform.Extensions.MSAppContainerAdapter, Culture=neutral, PublicKeyToken=null'. Не удается найти указанный файл.
File name: 'Microsoft.VisualStudio.TestPlatform.Extensions.MSAppContainerAdapter, Culture=neutral, PublicKeyToken=null'
 ---> System.IO.FileNotFoundException: Could not load file or assembly 'Microsoft.VisualStudio.TestPlatform.Extensions.MSAppContainerAdapter, Culture=neutral, PublicKeyToken=null'. Не удается найти указанный файл.
File name: 'Microsoft.VisualStudio.TestPlatform.Extensions.MSAppContainerAdapter, Culture=neutral, PublicKeyToken=null'
   at System.Reflection.RuntimeAssembly.InternalLoad(ObjectHandleOnStack assemblyName, ObjectHandleOnStack requestingAssembly, StackCrawlMarkHandle stackMark, Boolean throwOnFileNotFound, ObjectHandleOnStack assemblyLoadContext, ObjectHandleOnStack retAssembly)
   at System.Reflection.RuntimeAssembly.InternalLoad(AssemblyName assemblyName, RuntimeAssembly requestingAssembly, StackCrawlMark& stackMark, Boolean throwOnFileNotFound, AssemblyLoadContext assemblyLoadContext)
   at System.Reflection.Assembly.Load(AssemblyName assemblyRef)
   at Microsoft.VisualStudio.TestPlatform.Common.ExtensionFramework.TestPluginCache.CurrentDomainAssemblyResolve(Object sender, AssemblyResolveEventArgs args)
   at Microsoft.VisualStudio.TestPlatform.PlatformAbstractions.PlatformAssemblyResolver.AssemblyResolverEvent(Object sender, Object eventArgs)
   at System.Runtime.Loader.AssemblyLoadContext.GetFirstResolvedAssemblyFromResolvingEvent(AssemblyName assemblyName)
   at System.Runtime.Loader.AssemblyLoadContext.ResolveUsingEvent(AssemblyName assemblyName)
   at System.Runtime.Loader.AssemblyLoadContext.ResolveUsingResolvingEvent(IntPtr gchManagedAssemblyLoadContext, AssemblyName assemblyName)
   at System.Reflection.RuntimeAssembly.InternalLoad(ObjectHandleOnStack assemblyName, ObjectHandleOnStack requestingAssembly, StackCrawlMarkHandle stackMark, Boolean throwOnFileNotFound, ObjectHandleOnStack assemblyLoadContext, ObjectHandleOnStack retAssembly)
   at System.Reflection.RuntimeAssembly.InternalLoad(AssemblyName assemblyName, RuntimeAssembly requestingAssembly, StackCrawlMark& stackMark, Boolean throwOnFileNotFound, AssemblyLoadContext assemblyLoadContext)
   at System.Reflection.Assembly.Load(AssemblyName assemblyRef)
   at Microsoft.VisualStudio.TestPlatform.Common.ExtensionFramework.TestPluginDiscoverer.GetTestExtensionsFromFiles[TPluginInfo,TExtension](String[] files, Dictionary`2 pluginInfos)
TpTrace Verbose: 0 : 7156, 4, 2023/11/30, 12:11:56.370, 20674691987148, testhost.dll, TestPluginCache: Discovered the extensions using extension path ''.
TpTrace Verbose: 0 : 7156, 4, 2023/11/30, 12:11:56.370, 20674691987574, testhost.dll, TestPluginCache: Discoverers are ''.
TpTrace Verbose: 0 : 7156, 4, 2023/11/30, 12:11:56.370, 20674691987755, testhost.dll, TestPluginCache: Executors are ''.
TpTrace Verbose: 0 : 7156, 4, 2023/11/30, 12:11:56.370, 20674691987909, testhost.dll, TestPluginCache: Executors2 are ''.
TpTrace Verbose: 0 : 7156, 4, 2023/11/30, 12:11:56.370, 20674691988082, testhost.dll, TestPluginCache: Setting providers are ''.
TpTrace Verbose: 0 : 7156, 4, 2023/11/30, 12:11:56.370, 20674691988270, testhost.dll, TestPluginCache: Loggers are ''.
TpTrace Verbose: 0 : 7156, 4, 2023/11/30, 12:11:56.370, 20674691988418, testhost.dll, TestPluginCache: TestHosts are ''.
TpTrace Verbose: 0 : 7156, 4, 2023/11/30, 12:11:56.370, 20674691988567, testhost.dll, TestPluginCache: DataCollectors are ''.
TpTrace Warning: 0 : 7156, 4, 2023/11/30, 12:11:56.371, 20674691995527, testhost.dll, В C:\Users\Владимир\Desktop\Политех\Инфа\ООП лабы 3 семак\Готовые лабы\Лаба 9\Код\Laba_9\bin\Debug\net6.0\fine-code-coverage\build-output\Laba_9.dll нет доступных тестов. Убедитесь, что средства обнаружения и выполнения тестов зарегистрированы, а также проверьте правильность параметров платформы и версии платформы, после чего повторите попытку.
TpTrace Verbose: 0 : 7156, 4, 2023/11/30, 12:11:56.371, 20674691996318, testhost.dll, TestRequestHandler.SendData: sending data from testhost: {"Version":7,"MessageType":"TestSession.Message","Payload":{"MessageLevel":1,"Message":"В C:\\Users\\Владимир\\Desktop\\Политех\\Инфа\\ООП лабы 3 семак\\Готовые лабы\\Лаба 9\\Код\\Laba_9\\bin\\Debug\\net6.0\\fine-code-coverage\\build-output\\Laba_9.dll нет доступных тестов. Убедитесь, что средства обнаружения и выполнения тестов зарегистрированы, а также проверьте правильность параметров платформы и версии платформы, после чего повторите попытку."}}
TpTrace Verbose: 0 : 7156, 4, 2023/11/30, 12:11:56.371, 20674691997429, testhost.dll, MulticastDelegateUtilities.SafeInvoke: TestRunMessageLoggerProxy.SendMessage: Invoking callback 1/1 for Microsoft.VisualStudio.TestPlatform.CrossPlatEngine.Execution.RunTestsWithSources., took 0 ms.
TpTrace Verbose: 0 : 7156, 4, 2023/11/30, 12:11:56.380, 20674692084761, testhost.dll, MulticastDelegateUtilities.SafeInvoke: TestCaseEventsHandler.RaiseSessionEnd: Invoking callback 1/1 for Microsoft.VisualStudio.TestPlatform.CrossPlatEngine.DataCollection.ProxyOutOfProcDataCollectionManager., took 3 ms.
TpTrace Information: 0 : 7156, 4, 2023/11/30, 12:11:56.383, 20674692111841, testhost.dll, Sending test run complete
TpTrace Verbose: 0 : 7156, 4, 2023/11/30, 12:11:56.402, 20674692302091, testhost.dll, TestRequestHandler.SendData: sending data from testhost: {"Version":7,"MessageType":"TestExecution.Completed","Payload":{"TestRunCompleteArgs":{"TestRunStatistics":{"ExecutedTests":0,"Stats":{}},"IsCanceled":false,"IsAborted":false,"Error":null,"AttachmentSets":[],"InvokedDataCollectors":[],"ElapsedTimeInRunningTests":"00:00:00.0043933","Metrics":{},"DiscoveredExtensions":{"TestDiscoverers":[],"TestSettingsProviders":[]}},"LastRunTests":{"NewTestResults":[],"TestRunStatistics":{"ExecutedTests":0,"Stats":{}},"ActiveTests":[]},"RunAttachments":[],"ExecutorUris":[]}}
TpTrace Verbose: 0 : 7156, 4, 2023/11/30, 12:11:56.402, 20674692305090, testhost.dll, BaseRunTests.RunTests: Run is complete.
TpTrace Verbose: 0 : 7156, 10, 2023/11/30, 12:11:56.403, 20674692314882, testhost.dll, TcpClientExtensions.MessageLoopAsync: NotifyDataAvailable remoteEndPoint: [::ffff:127.0.0.1]:49986 localEndPoint: [::ffff:127.0.0.1]:49987
TpTrace Information: 0 : 7156, 10, 2023/11/30, 12:11:56.403, 20674692318202, testhost.dll, TestRequestHandler.OnMessageReceived: received message: (TestSession.Terminate) -> {"MessageType":"TestSession.Terminate","Payload":null}
TpTrace Information: 0 : 7156, 10, 2023/11/30, 12:11:56.403, 20674692318543, testhost.dll, Session End message received from server. Closing the connection.
TpTrace Information: 0 : 7156, 10, 2023/11/30, 12:11:56.404, 20674692323585, testhost.dll, SocketClient.Stop: Stop communication from server endpoint: 127.0.0.1:049986
TpTrace Information: 0 : 7156, 10, 2023/11/30, 12:11:56.404, 20674692324066, testhost.dll, SocketClient: Stop: Cancellation requested. Stopping message loop.
TpTrace Verbose: 0 : 7156, 10, 2023/11/30, 12:11:56.404, 20674692325498, testhost.dll, LengthPrefixCommunicationChannel.Dispose: Dispose reader and writer.
TpTrace Information: 0 : 7156, 10, 2023/11/30, 12:11:56.404, 20674692325919, testhost.dll, Closing the connection !
TpTrace Verbose: 0 : 7156, 10, 2023/11/30, 12:11:56.404, 20674692326270, testhost.dll, MulticastDelegateUtilities.SafeInvoke: LengthPrefixCommunicationChannel: MessageReceived: Invoking callback 1/1 for Microsoft.VisualStudio.TestPlatform.CommunicationUtilities.TestRequestHandler., took 0 ms.
TpTrace Information: 0 : 7156, 10, 2023/11/30, 12:11:56.404, 20674692328707, testhost.dll, SocketClient.PrivateStop: Stop communication from server endpoint: 127.0.0.1:049986, error:
TpTrace Information: 0 : 7156, 1, 2023/11/30, 12:11:56.404, 20674692328996, testhost.dll, Closing the connection!
TpTrace Verbose: 0 : 7156, 10, 2023/11/30, 12:11:56.405, 20674692329723, testhost.dll, LengthPrefixCommunicationChannel.Dispose: Dispose reader and writer.
TpTrace Information: 0 : 7156, 1, 2023/11/30, 12:11:56.405, 20674692329921, testhost.dll, Testhost process exiting.
TpTrace Verbose: 0 : 7156, 10, 2023/11/30, 12:11:56.405, 20674692330067, testhost.dll, TcpClientExtensions.MessageLoopAsync: exiting MessageLoopAsync remoteEndPoint: [::ffff:127.0.0.1]:49986 localEndPoint: [::ffff:127.0.0.1]:49987
